<?xml version="1.0" encoding="UTF-8"?>
<!-- Generated by org.testng.reporters.JUnitXMLReporter -->
<testsuite ignored="0" hostname="DESKTOP-8D6GBA0" failures="0" tests="3" name="Finding Hospitals in PRACTO" time="241.997" errors="0" timestamp="2021-07-02T20:32:22 IST">
  <testcase classname="testCases.correctTestCase" name="submitForm" time="100.141"/>
  <testcase classname="testCases.emailWrongTestCase" name="submitForm" time="60.288"/>
  <testcase classname="testCases.phoneWrongTestCase" name="submitForm" time="80.346"/>
</testsuite> <!-- Finding Hospitals in PRACTO -->
