<?xml version="1.0" encoding="UTF-8"?>
<!-- Generated by org.testng.reporters.JUnitXMLReporter -->
<testsuite ignored="0" hostname="DESKTOP-8D6GBA0" failures="0" tests="3" name="Facebook Login Positive Case" time="271.808" errors="0" timestamp="2021-07-02T20:08:42 IST">
  <testcase classname="testCases.correctTestCase" name="submitForm" time="95.356"/>
  <testcase classname="testCases.emailWrongTestCase" name="submitForm" time="93.828"/>
  <testcase classname="testCases.phoneWrongTestCase" name="submitForm" time="81.45"/>
</testsuite> <!-- Facebook Login Positive Case -->
