<?xml version="1.0" encoding="UTF-8"?>
<testsuite xmlns:xsi="http://www.w3.org/2001/XMLSchema-instance" xsi:noNamespaceSchemaLocation="https://maven.apache.org/surefire/maven-surefire-plugin/xsd/surefire-test-report.xsd" name="TestSuite" time="273.438" tests="3" errors="0" skipped="0" failures="0">
  <properties>
[...]
</properties>
  <testcase name="submitForm" classname="testCases.correctTestCase" time="95.359"/>
  <testcase name="submitForm" classname="testCases.emailWrongTestCase" time="93.83"/>
  <testcase name="submitForm" classname="testCases.phoneWrongTestCase" time="81.45"/>
</testsuite>