<?xml version="1.0" encoding="UTF-8"?>
<testng-results ignored="0" total="3" passed="3" failed="0" skipped="0">
  <reporter-output>
  </reporter-output>
  <suite started-at="2021-07-02T20:04:11 IST" name="Facebook Login" finished-at="2021-07-02T20:08:42 IST" duration-ms="271808">
    <groups>
      <group name="testOne">
        <method signature="correctTestCase.submitForm(java.lang.String)[pri:0, instance:testCases.correctTestCase@7f485fda]" name="submitForm" class="testCases.correctTestCase"/>
      </group> <!-- testOne -->
      <group name="testEmail">
        <method signature="emailWrongTestCase.submitForm(java.lang.String)[pri:0, instance:testCases.emailWrongTestCase@76494737]" name="submitForm" class="testCases.emailWrongTestCase"/>
      </group> <!-- testEmail -->
    </groups>
    <test started-at="2021-07-02T20:04:11 IST" name="Facebook Login Positive Case" finished-at="2021-07-02T20:08:42 IST" duration-ms="271808">
      <class name="testCases.phoneWrongTestCase">
        <test-method signature="submitForm(java.lang.String)[pri:0, instance:testCases.phoneWrongTestCase@4a003cbe]" started-at="2021-07-02T20:07:21 IST" name="submitForm" depends-on-groups="testEmail" finished-at="2021-07-02T20:08:42 IST" duration-ms="81450" status="PASS">
          <params>
            <param index="0">
              <value>
                <![CDATA[chrome]]>
              </value>
            </param>
          </params>
          <reporter-output>
          </reporter-output>
        </test-method> <!-- submitForm -->
        <test-method is-config="true" signature="flushReport()[pri:0, instance:testCases.phoneWrongTestCase@4a003cbe]" started-at="2021-07-02T20:08:42 IST" name="flushReport" finished-at="2021-07-02T20:08:42 IST" duration-ms="174" status="PASS">
          <reporter-output>
          </reporter-output>
        </test-method> <!-- flushReport -->
      </class> <!-- testCases.phoneWrongTestCase -->
      <class name="testCases.correctTestCase">
        <test-method signature="submitForm(java.lang.String)[pri:0, instance:testCases.correctTestCase@7f485fda]" started-at="2021-07-02T20:04:11 IST" name="submitForm" finished-at="2021-07-02T20:05:46 IST" duration-ms="95356" status="PASS">
          <params>
            <param index="0">
              <value>
                <![CDATA[chrome]]>
              </value>
            </param>
          </params>
          <reporter-output>
          </reporter-output>
        </test-method> <!-- submitForm -->
        <test-method is-config="true" signature="flushReport()[pri:0, instance:testCases.correctTestCase@7f485fda]" started-at="2021-07-02T20:05:46 IST" name="flushReport" finished-at="2021-07-02T20:05:47 IST" duration-ms="749" status="PASS">
          <reporter-output>
          </reporter-output>
        </test-method> <!-- flushReport -->
      </class> <!-- testCases.correctTestCase -->
      <class name="testCases.emailWrongTestCase">
        <test-method signature="submitForm(java.lang.String)[pri:0, instance:testCases.emailWrongTestCase@76494737]" started-at="2021-07-02T20:05:47 IST" name="submitForm" depends-on-groups="testOne" finished-at="2021-07-02T20:07:21 IST" duration-ms="93828" status="PASS">
          <params>
            <param index="0">
              <value>
                <![CDATA[chrome]]>
              </value>
            </param>
          </params>
          <reporter-output>
          </reporter-output>
        </test-method> <!-- submitForm -->
        <test-method is-config="true" signature="flushReport()[pri:0, instance:testCases.emailWrongTestCase@76494737]" started-at="2021-07-02T20:07:21 IST" name="flushReport" finished-at="2021-07-02T20:07:21 IST" duration-ms="153" status="PASS">
          <reporter-output>
          </reporter-output>
        </test-method> <!-- flushReport -->
      </class> <!-- testCases.emailWrongTestCase -->
    </test> <!-- Facebook Login Positive Case -->
  </suite> <!-- Facebook Login -->
</testng-results>
